TN:
SF:src/app.module.ts
FNF:0
FNH:0
DA:1,0
DA:2,0
DA:3,0
DA:4,0
DA:5,0
DA:18,0
LF:6
LH:0
BRF:0
BRH:0
end_of_record
TN:
SF:src/main.ts
FN:5,bootstrap
FNF:1
FNH:0
FNDA:0,bootstrap
DA:1,0
DA:2,0
DA:3,0
DA:6,0
DA:8,0
DA:14,0
DA:15,0
DA:17,0
DA:19,0
LF:9
LH:0
BRF:0
BRH:0
end_of_record
TN:
SF:src/Location/location.controller.ts
FN:9,(anonymous_2)
FN:14,(anonymous_3)
FNF:2
FNH:2
FNDA:1,(anonymous_2)
FNDA:1,(anonymous_3)
DA:1,1
DA:2,1
DA:3,1
DA:8,1
DA:9,1
DA:14,1
DA:15,1
DA:16,1
LF:8
LH:8
BRF:0
BRH:0
end_of_record
TN:
SF:src/Location/location.module.ts
FNF:0
FNH:0
DA:1,0
DA:2,0
DA:3,0
DA:4,0
DA:12,0
LF:5
LH:0
BRF:0
BRH:0
end_of_record
TN:
SF:src/Location/location.service.ts
FN:12,(anonymous_2)
FN:17,(anonymous_3)
FN:27,(anonymous_4)
FNF:3
FNH:3
FNDA:12,(anonymous_2)
FNDA:2,(anonymous_3)
FNDA:2,(anonymous_4)
DA:1,4
DA:2,4
DA:3,4
DA:8,4
DA:12,12
DA:13,12
DA:14,12
DA:18,2
DA:19,2
DA:20,2
DA:21,1
DA:23,1
DA:28,2
DA:29,2
DA:30,1
DA:32,1
LF:16
LH:16
BRF:0
BRH:0
end_of_record
TN:
SF:src/Weather/weather.controller.ts
FN:13,(anonymous_4)
FN:18,(anonymous_5)
FN:25,(anonymous_6)
FNF:3
FNH:3
FNDA:1,(anonymous_4)
FNDA:2,(anonymous_5)
FNDA:2,(anonymous_6)
DA:1,1
DA:2,1
DA:3,1
DA:7,1
DA:12,1
DA:13,1
DA:18,1
DA:19,2
DA:25,1
DA:26,2
LF:10
LH:10
BRF:0
BRH:0
end_of_record
TN:
SF:src/Weather/weather.module.ts
FNF:0
FNH:0
DA:1,0
DA:2,0
DA:3,0
DA:4,0
DA:5,0
DA:6,0
DA:13,0
LF:7
LH:0
BRF:0
BRH:0
end_of_record
TN:
SF:src/Weather/weather.service.ts
FN:11,(anonymous_2)
FN:16,(anonymous_3)
FN:32,(anonymous_4)
FNF:3
FNH:3
FNDA:6,(anonymous_2)
FNDA:2,(anonymous_3)
FNDA:2,(anonymous_4)
DA:1,2
DA:2,2
DA:3,2
DA:4,2
DA:7,2
DA:11,6
DA:12,6
DA:13,6
DA:17,2
DA:18,2
DA:19,1
DA:20,1
DA:22,2
DA:23,2
DA:24,2
DA:25,2
DA:26,1
DA:28,1
DA:33,2
DA:34,2
DA:35,2
DA:36,2
DA:38,2
DA:39,2
DA:40,1
DA:42,1
LF:26
LH:26
BRDA:18,0,0,1
BRDA:34,1,0,2
BRF:2
BRH:2
end_of_record
TN:
SF:src/shared/http/http.service.ts
FN:8,(anonymous_2)
FN:12,(anonymous_3)
FN:22,(anonymous_4)
FNF:3
FNH:1
FNDA:7,(anonymous_2)
FNDA:0,(anonymous_3)
FNDA:0,(anonymous_4)
DA:1,4
DA:2,4
DA:5,4
DA:9,7
DA:13,0
DA:14,0
DA:15,0
DA:17,0
DA:23,0
DA:24,0
DA:25,0
DA:27,0
LF:12
LH:4
BRF:0
BRH:0
end_of_record
